TN:
SF:src\components\Form\Button\index.tsx
FN:10,(anonymous_0)
FNF:1
FNH:1
FNDA:4,(anonymous_0)
DA:10,1
DA:11,4
LF:2
LH:2
BRF:0
BRH:0
end_of_record
TN:
SF:src\components\Form\CategorySelectButton\index.tsx
FN:8,(anonymous_0)
FNF:1
FNH:1
FNDA:2,(anonymous_0)
DA:8,1
DA:9,2
LF:2
LH:2
BRF:0
BRH:0
end_of_record
TN:
SF:src\components\Form\Input\index.tsx
FN:9,(anonymous_0)
FNF:1
FNH:1
FNDA:5,(anonymous_0)
DA:9,2
DA:10,5
LF:2
LH:2
BRDA:9,0,0,4
BRF:1
BRH:1
end_of_record
TN:
SF:src\components\Form\InputForm\index.tsx
FN:13,(anonymous_0)
FN:24,(anonymous_1)
FNF:2
FNH:2
FNDA:4,(anonymous_0)
FNDA:4,(anonymous_1)
DA:13,1
DA:19,4
DA:25,4
LF:3
LH:3
BRDA:33,0,0,4
BRDA:33,0,1,0
BRF:2
BRH:1
end_of_record
TN:
SF:src\components\Form\TransactionTypeButton\index.tsx
FN:17,(anonymous_0)
FNF:1
FNH:1
FNDA:4,(anonymous_0)
DA:7,1
DA:17,1
DA:23,4
LF:3
LH:3
BRF:0
BRH:0
end_of_record
TN:
SF:src\components\HighlightCard\index.tsx
FN:28,(anonymous_0)
FNF:1
FNH:0
FNDA:0,(anonymous_0)
DA:22,0
DA:28,0
DA:34,0
LF:3
LH:0
BRDA:31,0,0,0
BRF:1
BRH:0
end_of_record
TN:
SF:src\components\HistoryCard\index.tsx
FN:10,(anonymous_0)
FNF:1
FNH:0
FNDA:0,(anonymous_0)
DA:10,0
DA:15,0
LF:2
LH:0
BRDA:12,0,0,0
BRF:1
BRH:0
end_of_record
TN:
SF:src\components\SignInSocialButton\index.tsx
FN:12,SignInSocialButton
FNF:1
FNH:0
FNDA:0,SignInSocialButton
DA:17,0
LF:1
LH:0
BRF:0
BRH:0
end_of_record
TN:
SF:src\components\TransactionCard\index.tsx
FN:33,(anonymous_0)
FN:37,(anonymous_1)
FNF:2
FNH:0
FNDA:0,(anonymous_0)
FNDA:0,(anonymous_1)
DA:33,0
DA:34,0
DA:36,0
DA:37,0
DA:40,0
LF:5
LH:0
BRDA:45,0,0,0
BRDA:45,0,1,0
BRF:2
BRH:0
end_of_record
TN:
SF:src\contexts\AuthContext.tsx
FN:39,(anonymous_0)
FN:43,signInWithGoogle
FN:79,signInWithApple
FN:107,signOut
FN:112,(anonymous_4)
FN:113,loadUserStorageData
FN:142,(anonymous_6)
FNF:7
FNH:5
FNDA:5,(anonymous_0)
FNDA:2,signInWithGoogle
FNDA:0,signInWithApple
FNDA:0,signOut
FNDA:2,(anonymous_4)
FNDA:2,loadUserStorageData
FNDA:7,(anonymous_6)
DA:33,2
DA:35,2
DA:36,2
DA:37,2
DA:39,2
DA:40,5
DA:41,5
DA:44,2
DA:45,2
DA:46,2
DA:48,2
DA:50,2
DA:52,2
DA:56,2
DA:57,1
DA:61,1
DA:62,1
DA:70,1
DA:72,1
DA:75,0
DA:80,0
DA:81,0
DA:88,0
DA:89,0
DA:90,0
DA:92,0
DA:99,0
DA:100,0
DA:103,0
DA:108,0
DA:109,0
DA:112,5
DA:114,2
DA:116,2
DA:117,0
DA:118,0
DA:121,2
DA:124,2
DA:127,5
DA:142,2
DA:143,7
LF:41
LH:27
BRDA:56,0,0,1
BRDA:56,0,1,1
BRDA:67,1,0,1
BRDA:67,1,1,1
BRDA:88,2,0,0
BRDA:88,2,1,0
BRDA:116,3,0,0
BRDA:116,3,1,2
BRF:8
BRH:5
end_of_record
TN:
SF:src\routes\app.routes.tsx
FN:13,AppRoutes
FN:35,(anonymous_1)
FN:48,(anonymous_2)
FN:57,(anonymous_3)
FNF:4
FNH:0
FNDA:0,AppRoutes
FNDA:0,(anonymous_1)
FNDA:0,(anonymous_2)
FNDA:0,(anonymous_3)
DA:11,0
DA:14,0
DA:15,0
DA:36,0
DA:49,0
DA:58,0
LF:6
LH:0
BRDA:24,0,0,0
BRDA:24,0,1,0
BRF:2
BRH:0
end_of_record
TN:
SF:src\routes\auth.routes.tsx
FN:7,AuthRoutes
FNF:1
FNH:0
FNDA:0,AuthRoutes
DA:6,0
DA:8,0
LF:2
LH:0
BRF:0
BRH:0
end_of_record
TN:
SF:src\routes\index.tsx
FN:8,Routes
FNF:1
FNH:0
FNDA:0,Routes
DA:9,0
DA:10,0
LF:2
LH:0
BRDA:12,0,0,0
BRDA:12,0,1,0
BRF:2
BRH:0
end_of_record
TN:
SF:src\screens\CategorySelect\index.tsx
FN:28,(anonymous_0)
FN:33,handleCategorySelect
FN:44,(anonymous_2)
FN:45,(anonymous_3)
FN:47,(anonymous_4)
FN:54,(anonymous_5)
FNF:6
FNH:4
FNDA:2,(anonymous_0)
FNDA:0,handleCategorySelect
FNDA:12,(anonymous_2)
FNDA:12,(anonymous_3)
FNDA:0,(anonymous_4)
FNDA:10,(anonymous_5)
DA:28,1
DA:34,0
DA:36,2
DA:44,12
DA:46,12
DA:47,0
DA:54,10
LF:7
LH:5
BRF:0
BRH:0
end_of_record
TN:
SF:src\screens\Dashboard\index.tsx
FN:47,moneyFormat
FN:54,dateFormat
FN:62,getLastTransactionDateByType
FN:69,(anonymous_3)
FN:70,(anonymous_4)
FN:86,(anonymous_5)
FN:99,loadTransactions
FN:109,(anonymous_7)
FN:169,(anonymous_8)
FN:174,(anonymous_9)
FN:229,(anonymous_10)
FN:230,(anonymous_11)
FNF:12
FNH:0
FNDA:0,moneyFormat
FNDA:0,dateFormat
FNDA:0,getLastTransactionDateByType
FNDA:0,(anonymous_3)
FNDA:0,(anonymous_4)
FNDA:0,(anonymous_5)
FNDA:0,loadTransactions
FNDA:0,(anonymous_7)
FNDA:0,(anonymous_8)
FNDA:0,(anonymous_9)
FNDA:0,(anonymous_10)
FNDA:0,(anonymous_11)
DA:48,0
DA:55,0
DA:66,0
DA:69,0
DA:70,0
DA:73,0
DA:77,0
DA:78,0
DA:81,0
DA:84,0
DA:86,0
DA:87,0
DA:88,0
DA:89,0
DA:94,0
DA:95,0
DA:97,0
DA:100,0
DA:101,0
DA:105,0
DA:106,0
DA:108,0
DA:110,0
DA:114,0
DA:115,0
DA:117,0
DA:123,0
DA:132,0
DA:137,0
DA:141,0
DA:145,0
DA:164,0
DA:166,0
DA:169,0
DA:170,0
DA:173,0
DA:175,0
DA:179,0
DA:229,0
DA:231,0
LF:40
LH:0
BRDA:77,0,0,0
BRDA:77,0,1,0
BRDA:77,1,0,0
BRDA:77,1,1,0
BRDA:101,2,0,0
BRDA:101,2,1,0
BRDA:110,3,0,0
BRDA:110,3,1,0
BRDA:141,4,0,0
BRDA:141,4,1,0
BRDA:148,5,0,0
BRDA:148,5,1,0
BRDA:154,6,0,0
BRDA:154,6,1,0
BRDA:181,7,0,0
BRDA:181,7,1,0
BRF:16
BRH:0
end_of_record
TN:
SF:src\screens\Profile\index.tsx
FN:4,Profile
FN:21,(anonymous_1)
FNF:2
FNH:1
FNDA:3,Profile
FNDA:0,(anonymous_1)
DA:5,3
DA:21,0
LF:2
LH:1
BRF:0
BRH:0
end_of_record
TN:
SF:src\screens\Register\index.tsx
FN:42,(anonymous_0)
FN:66,handleTransactionTypeSelect
FN:70,handleCloseSelectCategoryModal
FN:74,handleOpenSelectCategoryModal
FN:78,handleRegister
FN:147,(anonymous_5)
FN:153,(anonymous_6)
FNF:7
FNH:2
FNDA:2,(anonymous_0)
FNDA:0,handleTransactionTypeSelect
FNDA:0,handleCloseSelectCategoryModal
FNDA:1,handleOpenSelectCategoryModal
FNDA:0,handleRegister
FNDA:0,(anonymous_5)
FNDA:0,(anonymous_6)
DA:33,1
DA:42,1
DA:43,2
DA:47,2
DA:49,2
DA:51,2
DA:53,2
DA:60,2
DA:64,2
DA:67,0
DA:71,0
DA:75,1
DA:79,0
DA:80,0
DA:83,0
DA:84,0
DA:87,0
DA:96,0
DA:97,0
DA:98,0
DA:100,0
DA:102,0
DA:104,0
DA:105,0
DA:106,0
DA:111,0
DA:113,0
DA:114,0
DA:118,2
DA:147,0
DA:153,0
LF:31
LH:11
BRDA:79,0,0,0
BRDA:79,0,1,0
BRDA:83,1,0,0
BRDA:83,1,1,0
BRDA:98,2,0,0
BRDA:98,2,1,0
BRDA:159,3,0,2
BRDA:159,3,1,0
BRF:8
BRH:1
end_of_record
TN:
SF:src\screens\Resume\index.tsx
FN:40,(anonymous_0)
FN:52,handleDateChange
FN:54,(anonymous_2)
FN:56,(anonymous_3)
FN:60,loadData
FN:69,(anonymous_5)
FN:75,(anonymous_6)
FN:81,(anonymous_7)
FN:84,(anonymous_8)
FN:117,(anonymous_9)
FN:137,(anonymous_10)
FN:143,(anonymous_11)
FN:161,(anonymous_12)
FN:175,(anonymous_13)
FNF:14
FNH:0
FNDA:0,(anonymous_0)
FNDA:0,handleDateChange
FNDA:0,(anonymous_2)
FNDA:0,(anonymous_3)
FNDA:0,loadData
FNDA:0,(anonymous_5)
FNDA:0,(anonymous_6)
FNDA:0,(anonymous_7)
FNDA:0,(anonymous_8)
FNDA:0,(anonymous_9)
FNDA:0,(anonymous_10)
FNDA:0,(anonymous_11)
FNDA:0,(anonymous_12)
FNDA:0,(anonymous_13)
DA:38,0
DA:40,0
DA:41,0
DA:42,0
DA:43,0
DA:44,0
DA:48,0
DA:50,0
DA:53,0
DA:54,0
DA:56,0
DA:61,0
DA:63,0
DA:64,0
DA:68,0
DA:70,0
DA:75,0
DA:76,0
DA:79,0
DA:81,0
DA:82,0
DA:84,0
DA:85,0
DA:86,0
DA:90,0
DA:91,0
DA:93,0
DA:99,0
DA:112,0
DA:113,0
DA:116,0
DA:118,0
DA:122,0
DA:137,0
DA:143,0
DA:161,0
DA:176,0
LF:37
LH:0
BRDA:53,0,0,0
BRDA:53,0,1,0
BRDA:64,1,0,0
BRDA:64,1,1,0
BRDA:70,2,0,0
BRDA:70,2,1,0
BRDA:70,2,2,0
BRDA:85,3,0,0
BRDA:85,3,1,0
BRDA:90,4,0,0
BRDA:90,4,1,0
BRDA:137,5,0,0
BRDA:137,5,1,0
BRDA:143,6,0,0
BRDA:143,6,1,0
BRDA:148,7,0,0
BRDA:148,7,1,0
BRDA:155,8,0,0
BRDA:155,8,1,0
BRF:19
BRH:0
end_of_record
TN:
SF:src\screens\SignIn\index.tsx
FN:20,(anonymous_0)
FN:25,handleSignInWithGoogle
FN:36,handleSignInWithApple
FNF:3
FNH:0
FNDA:0,(anonymous_0)
FNDA:0,handleSignInWithGoogle
FNDA:0,handleSignInWithApple
DA:20,0
DA:21,0
DA:22,0
DA:23,0
DA:26,0
DA:27,0
DA:28,0
DA:30,0
DA:31,0
DA:32,0
DA:37,0
DA:38,0
DA:39,0
DA:41,0
DA:42,0
DA:43,0
DA:47,0
LF:17
LH:0
BRDA:72,0,0,0
BRDA:72,0,1,0
BRDA:81,1,0,0
BRDA:81,1,1,0
BRF:4
BRH:0
end_of_record
